goos: darwin
goarch: arm64
pkg: uk.ac.bris.cs/concurrency1/filter
cpu: Apple M1
BenchmarkFilter/1_workers-8         	       1	 168042625 ns/op
BenchmarkFilter/1_workers-8         	       1	 146752209 ns/op
BenchmarkFilter/1_workers-8         	       1	 147475459 ns/op
BenchmarkFilter/1_workers-8         	       1	 145071542 ns/op
BenchmarkFilter/1_workers-8         	       1	 152846458 ns/op
BenchmarkFilter/1_workers-8         	       1	 146361250 ns/op
BenchmarkFilter/2_workers-8         	       1	  93963167 ns/op
BenchmarkFilter/2_workers-8         	       1	  93559625 ns/op
BenchmarkFilter/2_workers-8         	       1	  93112542 ns/op
BenchmarkFilter/2_workers-8         	       1	  93058333 ns/op
BenchmarkFilter/2_workers-8         	       1	  93269042 ns/op
BenchmarkFilter/2_workers-8         	       1	  92478083 ns/op
BenchmarkFilter/4_workers-8         	       1	  66418959 ns/op
BenchmarkFilter/4_workers-8         	       1	  66870458 ns/op
BenchmarkFilter/4_workers-8         	       1	  65748500 ns/op
BenchmarkFilter/4_workers-8         	       1	  65839291 ns/op
BenchmarkFilter/4_workers-8         	       1	  65426666 ns/op
BenchmarkFilter/4_workers-8         	       1	  65416542 ns/op
BenchmarkFilter/8_workers-8         	       1	  57210125 ns/op
BenchmarkFilter/8_workers-8         	       1	  57817209 ns/op
BenchmarkFilter/8_workers-8         	       1	  56859708 ns/op
BenchmarkFilter/8_workers-8         	       1	  56327750 ns/op
BenchmarkFilter/8_workers-8         	       1	  58857834 ns/op
BenchmarkFilter/8_workers-8         	       1	  56730458 ns/op
BenchmarkFilter/16_workers-8        	       1	  54685833 ns/op
BenchmarkFilter/16_workers-8        	       1	  54656792 ns/op
BenchmarkFilter/16_workers-8        	       1	  52661458 ns/op
BenchmarkFilter/16_workers-8        	       1	  53719625 ns/op
BenchmarkFilter/16_workers-8        	       1	  54366708 ns/op
BenchmarkFilter/16_workers-8        	       1	  54134333 ns/op
ok  	uk.ac.bris.cs/concurrency1/filter	2.729s
